# JRE version: Java(TM) SE Runtime Environment (8.0_152-b16) (build 1.8.0_152-b16)
# Java VM: Java HotSpot(TM) 64-Bit Server VM (25.152-b16 mixed mode linux-amd64 compressed oops)
Heap:
 garbage-first heap   total 262144K, used 224487K [0x00000000c0000000, 0x00000000c0100800, 0x0000000100000000)
  region size 1024K, 44 young (45056K), 8 survivors (8192K)
 Metaspace       used 146320K, capacity 160054K, committed 160508K, reserved 1187840K
  class space    used 17266K, capacity 21147K, committed 21308K, reserved 1048576K
GC Heap History (10 events):
Event: 735.131 GC heap before
{Heap before GC invocations=73 (full 3):
 garbage-first heap   total 262144K, used 225352K [0x00000000c0000000, 0x00000000c0100800, 0x0000000100000000)
  region size 1024K, 107 young (109568K), 8 survivors (8192K)
 Metaspace       used 142127K, capacity 155414K, committed 155516K, reserved 1183744K
  class space    used 16785K, capacity 20631K, committed 20668K, reserved 1048576K
Event: 735.144 GC heap after
Heap after GC invocations=74 (full 3):
 garbage-first heap   total 262144K, used 123976K [0x00000000c0000000, 0x00000000c0100800, 0x0000000100000000)
  region size 1024K, 8 young (8192K), 8 survivors (8192K)
 Metaspace       used 142127K, capacity 155414K, committed 155516K, reserved 1183744K
  class space    used 16785K, capacity 20631K, committed 20668K, reserved 1048576K
}
Event: 795.455 GC heap before
{Heap before GC invocations=74 (full 3):
 garbage-first heap   total 262144K, used 225352K [0x00000000c0000000, 0x00000000c0100800, 0x0000000100000000)
  region size 1024K, 107 young (109568K), 8 survivors (8192K)
 Metaspace       used 142284K, capacity 155606K, committed 155772K, reserved 1183744K
  class space    used 16787K, capacity 20631K, committed 20668K, reserved 1048576K
Event: 795.465 GC heap after
Heap after GC invocations=75 (full 3):
 garbage-first heap   total 262144K, used 124488K [0x00000000c0000000, 0x00000000c0100800, 0x0000000100000000)
  region size 1024K, 9 young (9216K), 9 survivors (9216K)
 Metaspace       used 142284K, capacity 155606K, committed 155772K, reserved 1183744K
  class space    used 16787K, capacity 20631K, committed 20668K, reserved 1048576K
}
Event: 803.094 GC heap before
{Heap before GC invocations=75 (full 3):
 garbage-first heap   total 262144K, used 223816K [0x00000000c0000000, 0x00000000c0100800, 0x0000000100000000)
  region size 1024K, 106 young (108544K), 9 survivors (9216K)
 Metaspace       used 145477K, capacity 159054K, committed 159228K, reserved 1187840K
  class space    used 17233K, capacity 21253K, committed 21308K, reserved 1048576K
Event: 803.122 GC heap after
Heap after GC invocations=76 (full 3):
 garbage-first heap   total 262144K, used 130120K [0x00000000c0000000, 0x00000000c0100800, 0x0000000100000000)
  region size 1024K, 14 young (14336K), 14 survivors (14336K)
 Metaspace       used 145477K, capacity 159054K, committed 159228K, reserved 1187840K
  class space    used 17233K, capacity 21253K, committed 21308K, reserved 1048576K
}
Event: 820.757 GC heap before
{Heap before GC invocations=76 (full 3):
 garbage-first heap   total 262144K, used 219208K [0x00000000c0000000, 0x00000000c0100800, 0x0000000100000000)
  region size 1024K, 101 young (103424K), 14 survivors (14336K)
 Metaspace       used 145543K, capacity 159054K, committed 159228K, reserved 1187840K
  class space    used 17233K, capacity 21253K, committed 21308K, reserved 1048576K
Event: 820.769 GC heap after
Heap after GC invocations=77 (full 3):
 garbage-first heap   total 262144K, used 126186K [0x00000000c0000000, 0x00000000c0100800, 0x0000000100000000)
  region size 1024K, 8 young (8192K), 8 survivors (8192K)
 Metaspace       used 145543K, capacity 159054K, committed 159228K, reserved 1187840K
  class space    used 17233K, capacity 21253K, committed 21308K, reserved 1048576K
}
Event: 826.319 GC heap before
{Heap before GC invocations=77 (full 3):
 garbage-first heap   total 262144K, used 205034K [0x00000000c0000000, 0x00000000c0100800, 0x0000000100000000)
  region size 1024K, 86 young (88064K), 8 survivors (8192K)
 Metaspace       used 146205K, capacity 159862K, committed 159996K, reserved 1187840K
  class space    used 17301K, capacity 21303K, committed 21308K, reserved 1048576K
Event: 826.345 GC heap after
Heap after GC invocations=78 (full 3):
 garbage-first heap   total 262144K, used 125674K [0x00000000c0000000, 0x00000000c0100800, 0x0000000100000000)
  region size 1024K, 8 young (8192K), 8 survivors (8192K)
 Metaspace       used 146205K, capacity 159862K, committed 159996K, reserved 1187840K
  class space    used 17301K, capacity 21303K, committed 21308K, reserved 1048576K
}

